#
# A fatal error has been detected by the Java Runtime Environment:
#
#  EXCEPTION_ACCESS_VIOLATION (0xc0000005) at pc=0x00007ff9c791e2d2, pid=7948, tid=15212
#
# JRE version: Java(TM) SE Runtime Environment (17.0.11+7) (build 17.0.11+7-LTS-207)
# Java VM: Java HotSpot(TM) 64-Bit Server VM (17.0.11+7-LTS-207, mixed mode, sharing, tiered, compressed oops, compressed class ptrs, g1 gc, windows-amd64)
# Problematic frame:
# V  [jvm.dll+0x63e2d2]
#
# No core dump will be written. Minidumps are not enabled by default on client versions of Windows
#
# If you would like to submit a bug report, please visit:
#   https://bugreport.java.com/bugreport/crash.jsp
#

---------------  S U M M A R Y ------------

Command Line: -Dclassworlds.conf=D:\PROYECTO PRUEBAS\apache-maven-3.8.8\bin\m2.conf -Dmaven.home=D:\PROYECTO PRUEBAS\apache-maven-3.8.8 -Dlibrary.jansi.path=D:\PROYECTO PRUEBAS\apache-maven-3.8.8\lib\jansi-native -Dmaven.multiModuleProjectDirectory=C:\Users\caste\Documents\NetBeansProjects\WSInsertar org.codehaus.plexus.classworlds.launcher.Launcher -Dnetbeans.deploy=true -Dexec.vmArgs= -Dexec.appArgs= -Dmaven.ext.class.path=D:\PROYECTO PRUEBAS\NetBeans-19\netbeans\java\maven-nblib\netbeans-eventspy.jar -Dfile.encoding=UTF-8 --no-transfer-progress package

Host: 11th Gen Intel(R) Core(TM) i5-11400F @ 2.60GHz, 12 cores, 15G,  Windows 11 , 64 bit Build 22621 (10.0.22621.3958)
Time: Mon Oct  7 23:51:05 2024 Hora estándar, América Central elapsed time: 2.745618 seconds (0d 0h 0m 2s)

---------------  T H R E A D  ---------------

Current thread (0x000002809101dba0):  JavaThread "C2 CompilerThread0" daemon [_thread_in_native, id=15212, stack(0x000000b4ab400000,0x000000b4ab500000)]


Current CompileTask:
C2:   2745 4159   !   4       com.google.inject.spi.InjectionPoint::getInjectionPoints (489 bytes)

Stack: [0x000000b4ab400000,0x000000b4ab500000],  sp=0x000000b4ab4fb9e0,  free space=1006k
Native frames: (J=compiled Java code, j=interpreted, Vv=VM code, C=native code)
V  [jvm.dll+0x63e2d2]
V  [jvm.dll+0x1cc7af]
V  [jvm.dll+0x341158]
V  [jvm.dll+0x2a8b79]
V  [jvm.dll+0x692056]
V  [jvm.dll+0x68a085]
V  [jvm.dll+0x6896d0]
V  [jvm.dll+0x6875e2]
V  [jvm.dll+0x1a528c]
V  [jvm.dll+0x2a909c]
V  [jvm.dll+0x692056]
V  [jvm.dll+0x68a085]
V  [jvm.dll+0x6896d0]
V  [jvm.dll+0x6875e2]
V  [jvm.dll+0x1a528c]
V  [jvm.dll+0x2a909c]
V  [jvm.dll+0x692056]
V  [jvm.dll+0x68a085]
V  [jvm.dll+0x6896d0]
V  [jvm.dll+0x6875e2]
V  [jvm.dll+0x1a528c]
V  [jvm.dll+0x1a5e18]
V  [jvm.dll+0x2a909c]
V  [jvm.dll+0x692056]
V  [jvm.dll+0x68a085]
V  [jvm.dll+0x6896d0]
V  [jvm.dll+0x6875e2]
V  [jvm.dll+0x1a528c]
V  [jvm.dll+0x1a5e18]
V  [jvm.dll+0x2a909c]
V  [jvm.dll+0x692056]
V  [jvm.dll+0x68a085]
V  [jvm.dll+0x6896d0]
V  [jvm.dll+0x6875e2]
V  [jvm.dll+0x1a528c]
V  [jvm.dll+0x2a909c]
V  [jvm.dll+0x692056]
V  [jvm.dll+0x68a085]
V  [jvm.dll+0x6896d0]
V  [jvm.dll+0x6875e2]
V  [jvm.dll+0x1a528c]
V  [jvm.dll+0x2151b8]
V  [jvm.dll+0x1a2040]
V  [jvm.dll+0x225a2b]
V  [jvm.dll+0x223bcb]
V  [jvm.dll+0x7903ec]
V  [jvm.dll+0x78a85a]
V  [jvm.dll+0x678bb5]
C  [ucrtbase.dll+0x29333]
C  [KERNEL32.DLL+0x1257d]
C  [ntdll.dll+0x5af28]


siginfo: EXCEPTION_ACCESS_VIOLATION (0xc0000005), reading address 0x0000000000000001


Registers:
RAX=0x00000280939528d0, RBX=0x0000000000000001, RCX=0x00000280939527b0, RDX=0x0000000000000024
RSP=0x000000b4ab4fb9e0, RBP=0x000000b4ab4fba39, RSI=0x0000028028cf9a80, RDI=0x000000b4ab4fbb20
R8 =0x0000000000000024, R9 =0x0000000000000003, R10=0x0000000000000024, R11=0x000000b4ab4fbb68
R12=0x0000000000000024, R13=0x0000000000000000, R14=0x0000000000000024, R15=0x0000028093952730
RIP=0x00007ff9c791e2d2, EFLAGS=0x0000000000010202


Register to memory mapping:

RIP=0x00007ff9c791e2d2 jvm.dll
RAX=0x00000280939528d0 points into unknown readable memory: 0x0000000000000001 | 01 00 00 00 00 00 00 00
RBX=0x0000000000000001 is an unknown value
RCX=0x00000280939527b0 points into unknown readable memory: 0x0000028093952920 | 20 29 95 93 80 02 00 00
RDX=0x0000000000000024 is an unknown value
RSP=0x000000b4ab4fb9e0 is pointing into the stack for thread: 0x000002809101dba0
RBP=0x000000b4ab4fba39 is pointing into the stack for thread: 0x000002809101dba0
RSI=0x0000028028cf9a80 points into unknown readable memory: 0x0000000000000000 | 00 00 00 00 00 00 00 00
RDI=0x000000b4ab4fbb20 is pointing into the stack for thread: 0x000002809101dba0
R8 =0x0000000000000024 is an unknown value
R9 =0x0000000000000003 is an unknown value
R10=0x0000000000000024 is an unknown value
R11=0x000000b4ab4fbb68 is pointing into the stack for thread: 0x000002809101dba0
R12=0x0000000000000024 is an unknown value
R13=0x0 is NULL
R14=0x0000000000000024 is an unknown value
R15=0x0000028093952730 points into unknown readable memory: 0x00000280939511b0 | b0 11 95 93 80 02 00 00


Top of Stack: (sp=0x000000b4ab4fb9e0)
0x000000b4ab4fb9e0:   0000028093239b80 00007ff9c7a7d0e1
0x000000b4ab4fb9f0:   000002809181fae0 00007ff9c757f309
0x000000b4ab4fba00:   0000028091b7dca8 000002809117fe10
0x000000b4ab4fba10:   0000000000000002 00007ff9c7a7ce3b
0x000000b4ab4fba20:   0000000000200000 0000000000100000
0x000000b4ab4fba30:   0000028092e843a8 0000028092af23c0
0x000000b4ab4fba40:   0000000080001081 0000000000000000
0x000000b4ab4fba50:   00000280923542d8 00007ff9c73ef864
0x000000b4ab4fba60:   000000000000000c 00007ff9c72e0000
0x000000b4ab4fba70:   0000000000000020 0000000000000050
0x000000b4ab4fba80:   0000028094647038 0000028094645470
0x000000b4ab4fba90:   0000000000000024 00007ff9c74ac7af
0x000000b4ab4fbaa0:   00000280939511b0 0000028028cf9a80
0x000000b4ab4fbab0:   0000028026b1eaa0 000000b4ab4fbb20
0x000000b4ab4fbac0:   000000b4ab4fbb10 0000000000000000
0x000000b4ab4fbad0:   0000000000000000 00007ff9c761bcd0 

Instructions: (pc=0x00007ff9c791e2d2)
0x00007ff9c791e1d2:   45 70 48 8d 55 10 48 8b 58 08 48 8b 1c f3 48 8d
0x00007ff9c791e1e2:   4b 30 e8 87 f1 ad ff 84 c0 74 1c 80 bb 80 00 00
0x00007ff9c791e1f2:   00 00 75 13 48 8b 47 30 48 89 43 78 c6 83 80 00
0x00007ff9c791e202:   00 00 01 48 89 5f 30 48 83 ee 01 79 c1 e9 fe fe
0x00007ff9c791e212:   ff ff 4c 8d 5c 24 70 49 8b 5b 20 49 8b 6b 28 49
0x00007ff9c791e222:   8b 73 30 49 8b e3 41 5f 41 5e 5f c3 cc cc 48 8b
0x00007ff9c791e232:   c4 48 89 78 20 55 41 54 41 55 41 56 41 57 48 8d
0x00007ff9c791e242:   68 a1 48 81 ec 90 00 00 00 45 33 ed 45 8b e0 41
0x00007ff9c791e252:   83 f8 ff 4c 89 2a 45 8b f5 4c 89 6a 08 45 0f 45
0x00007ff9c791e262:   f0 44 88 6a 10 48 8b fa 4c 8b f9 44 39 69 20 0f
0x00007ff9c791e272:   8e 89 01 00 00 48 89 58 08 48 89 70 10 48 8b 41
0x00007ff9c791e282:   28 49 63 d6 48 8b 48 08 48 8b 1c d1 48 8d 04 d1
0x00007ff9c791e292:   48 85 db 75 3b 48 85 d2 7e 12 48 8b 58 f8 48 83
0x00007ff9c791e2a2:   e8 08 48 ff ca 48 85 db 74 eb eb 24 4c 8d 0d c3
0x00007ff9c791e2b2:   60 30 00 ba 82 01 00 00 4c 8d 05 ef 60 30 00 48
0x00007ff9c791e2c2:   8d 0d 08 61 30 00 e8 b3 65 c0 ff e8 0e b5 03 00
0x00007ff9c791e2d2:   48 8b 03 48 8d 4d c7 49 8b 37 41 b0 01 48 63 50
0x00007ff9c791e2e2:   14 e8 f8 e0 ad ff c6 45 d7 01 44 3b 73 08 75 12
0x00007ff9c791e2f2:   48 8d 53 10 48 8d 4d c7 e8 b1 ec ad ff e9 b1 00
0x00007ff9c791e302:   00 00 44 39 73 60 74 77 48 89 75 e7 48 85 f6 75
0x00007ff9c791e312:   12 4c 89 6d ef 4c 89 6d 1f 4c 89 6d 0f 4c 89 6d
0x00007ff9c791e322:   17 eb 2c 48 8b 46 28 48 89 45 ef 4c 39 6e 78 75
0x00007ff9c791e332:   08 48 8b ce e8 d5 e4 b8 ff 48 8b 4e 78 8b 46 48
0x00007ff9c791e342:   48 03 c1 48 89 4d 1f 48 89 45 17 48 89 4d 0f 41
0x00007ff9c791e352:   8b d6 4c 89 6d f7 48 8d 4d e7 4c 89 6d ff e8 7b
0x00007ff9c791e362:   8c b9 ff 48 63 43 0c 48 8d 55 e7 48 03 45 0f 48
0x00007ff9c791e372:   8b cb 48 89 45 17 e8 c3 f7 ff ff 44 89 73 60 48
0x00007ff9c791e382:   8d 53 20 48 8d 4d c7 e8 c2 ee ad ff 48 8d 53 50
0x00007ff9c791e392:   48 8d 4d c7 e8 d5 ea ad ff 48 8d 53 40 48 8d 4d
0x00007ff9c791e3a2:   c7 e8 a8 ee ad ff 48 8d 53 30 48 8d 4d c7 e8 9b
0x00007ff9c791e3b2:   ee ad ff f2 0f 10 4d d7 48 8b b4 24 c8 00 00 00
0x00007ff9c791e3c2:   48 8b 9c 24 c0 00 00 00 0f 10 45 c7 0f 11 07 f2 


Stack slot to memory mapping:
stack at sp + 0 slots: 0x0000028093239b80 points into unknown readable memory: 0x00007ff9c7c46858 | 58 68 c4 c7 f9 7f 00 00
stack at sp + 1 slots: 0x00007ff9c7a7d0e1 jvm.dll
stack at sp + 2 slots: 0x000002809181fae0 points into unknown readable memory: 0x00007ff9c7bb70c8 | c8 70 bb c7 f9 7f 00 00
stack at sp + 3 slots: 0x00007ff9c757f309 jvm.dll
stack at sp + 4 slots: 0x0000028091b7dca8 points into unknown readable memory: 0x00007ff9c7c46858 | 58 68 c4 c7 f9 7f 00 00
stack at sp + 5 slots: 0x000002809117fe10 points into unknown readable memory: 0x000000b4ab4febd0 | d0 eb 4f ab b4 00 00 00
stack at sp + 6 slots: 0x0000000000000002 is an unknown value
stack at sp + 7 slots: 0x00007ff9c7a7ce3b jvm.dll


---------------  P R O C E S S  ---------------

Threads class SMR info:
_java_thread_list=0x000002809257d2e0, length=14, elements={
0x0000028026b1afe0, 0x000002804b969880, 0x00000280910065b0, 0x0000028091016fa0,
0x0000028091019a70, 0x000002809101c440, 0x000002809101ce00, 0x000002809101dba0,
0x000002809101e650, 0x0000028091027060, 0x000002809115e590, 0x0000028091165360,
0x0000028091922910, 0x0000028091a8a160
}

Java Threads: ( => current thread )
  0x0000028026b1afe0 JavaThread "main" [_thread_in_Java, id=15448, stack(0x000000b4aa700000,0x000000b4aa800000)]
  0x000002804b969880 JavaThread "Reference Handler" daemon [_thread_blocked, id=15120, stack(0x000000b4aae00000,0x000000b4aaf00000)]
  0x00000280910065b0 JavaThread "Finalizer" daemon [_thread_blocked, id=17152, stack(0x000000b4aaf00000,0x000000b4ab000000)]
  0x0000028091016fa0 JavaThread "Signal Dispatcher" daemon [_thread_blocked, id=10552, stack(0x000000b4ab000000,0x000000b4ab100000)]
  0x0000028091019a70 JavaThread "Attach Listener" daemon [_thread_blocked, id=17208, stack(0x000000b4ab100000,0x000000b4ab200000)]
  0x000002809101c440 JavaThread "Service Thread" daemon [_thread_blocked, id=14348, stack(0x000000b4ab200000,0x000000b4ab300000)]
  0x000002809101ce00 JavaThread "Monitor Deflation Thread" daemon [_thread_blocked, id=10956, stack(0x000000b4ab300000,0x000000b4ab400000)]
=>0x000002809101dba0 JavaThread "C2 CompilerThread0" daemon [_thread_in_native, id=15212, stack(0x000000b4ab400000,0x000000b4ab500000)]
  0x000002809101e650 JavaThread "C1 CompilerThread0" daemon [_thread_in_vm, id=14564, stack(0x000000b4ab500000,0x000000b4ab600000)]
  0x0000028091027060 JavaThread "Sweeper thread" daemon [_thread_blocked, id=2380, stack(0x000000b4ab600000,0x000000b4ab700000)]
  0x000002809115e590 JavaThread "Notification Thread" daemon [_thread_blocked, id=17056, stack(0x000000b4ab700000,0x000000b4ab800000)]
  0x0000028091165360 JavaThread "Common-Cleaner" daemon [_thread_blocked, id=8276, stack(0x000000b4ab900000,0x000000b4aba00000)]
  0x0000028091922910 JavaThread "C2 CompilerThread1" daemon [_thread_in_native, id=14864, stack(0x000000b4aba00000,0x000000b4abb00000)]
  0x0000028091a8a160 JavaThread "C2 CompilerThread2" daemon [_thread_in_vm, id=13408, stack(0x000000b4abb00000,0x000000b4abc00000)]

Other Threads:
  0x000002804b968ef0 VMThread "VM Thread" [stack: 0x000000b4aad00000,0x000000b4aae00000] [id=17356]
  0x00000280911634b0 WatcherThread [stack: 0x000000b4ab800000,0x000000b4ab900000] [id=6328]
  0x0000028028c9f860 GCTaskThread "GC Thread#0" [stack: 0x000000b4aa800000,0x000000b4aa900000] [id=14756]
  0x0000028091a5d250 GCTaskThread "GC Thread#1" [stack: 0x000000b4abc00000,0x000000b4abd00000] [id=15020]
  0x00000280923e2f90 GCTaskThread "GC Thread#2" [stack: 0x000000b4abd00000,0x000000b4abe00000] [id=6088]
  0x00000280923e16d0 GCTaskThread "GC Thread#3" [stack: 0x000000b4abe00000,0x000000b4abf00000] [id=13520]
  0x00000280923e1f10 GCTaskThread "GC Thread#4" [stack: 0x000000b4abf00000,0x000000b4ac000000] [id=13208]
  0x00000280923e21d0 GCTaskThread "GC Thread#5" [stack: 0x000000b4ac000000,0x000000b4ac100000] [id=2816]
  0x00000280923e2490 GCTaskThread "GC Thread#6" [stack: 0x000000b4ac100000,0x000000b4ac200000] [id=13244]
  0x00000280923e2a10 GCTaskThread "GC Thread#7" [stack: 0x000000b4ac200000,0x000000b4ac300000] [id=13252]
  0x00000280923e2750 GCTaskThread "GC Thread#8" [stack: 0x000000b4ac300000,0x000000b4ac400000] [id=16796]
  0x00000280923e2cd0 GCTaskThread "GC Thread#9" [stack: 0x000000b4ac400000,0x000000b4ac500000] [id=7684]
  0x0000028028cb0580 ConcurrentGCThread "G1 Main Marker" [stack: 0x000000b4aa900000,0x000000b4aaa00000] [id=16664]
  0x0000028028cb0f90 ConcurrentGCThread "G1 Conc#0" [stack: 0x000000b4aaa00000,0x000000b4aab00000] [id=7648]
  0x000002804b824bc0 ConcurrentGCThread "G1 Refine#0" [stack: 0x000000b4aab00000,0x000000b4aac00000] [id=2808]
  0x000002804b826600 ConcurrentGCThread "G1 Service" [stack: 0x000000b4aac00000,0x000000b4aad00000] [id=15096]

Threads with active compile tasks:
C2 CompilerThread0     2813 4159   !   4       com.google.inject.spi.InjectionPoint::getInjectionPoints (489 bytes)
C1 CompilerThread0     2814 4251       3       org.apache.maven.model.interpolation.AbstractStringBasedModelInterpolator::createValueSources (302 bytes)
C2 CompilerThread1     2814 4208   !   4       org.codehaus.plexus.interpolation.ObjectBasedValueSource::getValue (66 bytes)
C2 CompilerThread2     2814 4217       4       java.util.HashMap::keysToArray (81 bytes)

VM state: not at safepoint (normal execution)

VM Mutex/Monitor currently owned by a thread: None

Heap address: 0x0000000702200000, size: 4062 MB, Compressed Oops mode: Zero based, Oop shift amount: 3

CDS archive(s) mapped at: [0x000002804c000000-0x000002804cbd0000-0x000002804cbd0000), size 12386304, SharedBaseAddress: 0x000002804c000000, ArchiveRelocationMode: 1.
Compressed class space mapped at: 0x000002804d000000-0x000002808d000000, reserved size: 1073741824
Narrow klass base: 0x000002804c000000, Narrow klass shift: 0, Narrow klass range: 0x100000000

GC Precious Log:
 CPUs: 12 total, 12 available
 Memory: 16247M
 Large Page Support: Disabled
 NUMA Support: Disabled
 Compressed Oops: Enabled (Zero based)
 Heap Region Size: 2M
 Heap Min Capacity: 8M
 Heap Initial Capacity: 254M
 Heap Max Capacity: 4062M
 Pre-touch: Disabled
 Parallel Workers: 10
 Concurrent Workers: 3
 Concurrent Refinement Workers: 10
 Periodic GC: Disabled

Heap:
 garbage-first heap   total 260096K, used 20203K [0x0000000702200000, 0x0000000800000000)
  region size 2048K, 10 young (20480K), 6 survivors (12288K)
 Metaspace       used 16656K, committed 16896K, reserved 1114112K
  class space    used 1866K, committed 1984K, reserved 1048576K

Heap Regions: E=young(eden), S=young(survivor), O=old, HS=humongous(starts), HC=humongous(continues), CS=collection set, F=free, OA=open archive, CA=closed archive, TAMS=top-at-mark-start (previous, next)
|   0|0x0000000702200000, 0x0000000702400000, 0x0000000702400000|100%| O|  |TAMS 0x0000000702200000, 0x0000000702200000| Untracked 
|   1|0x0000000702400000, 0x0000000702543000, 0x0000000702600000| 63%| O|  |TAMS 0x0000000702400000, 0x0000000702400000| Untracked 
|   2|0x0000000702600000, 0x0000000702600000, 0x0000000702800000|  0%| F|  |TAMS 0x0000000702600000, 0x0000000702600000| Untracked 
|   3|0x0000000702800000, 0x0000000702800000, 0x0000000702a00000|  0%| F|  |TAMS 0x0000000702800000, 0x0000000702800000| Untracked 
|   4|0x0000000702a00000, 0x0000000702a00000, 0x0000000702c00000|  0%| F|  |TAMS 0x0000000702a00000, 0x0000000702a00000| Untracked 
|   5|0x0000000702c00000, 0x0000000702c00000, 0x0000000702e00000|  0%| F|  |TAMS 0x0000000702c00000, 0x0000000702c00000| Untracked 
|   6|0x0000000702e00000, 0x0000000702e00000, 0x0000000703000000|  0%| F|  |TAMS 0x0000000702e00000, 0x0000000702e00000| Untracked 
|   7|0x0000000703000000, 0x0000000703000000, 0x0000000703200000|  0%| F|  |TAMS 0x0000000703000000, 0x0000000703000000| Untracked 
|   8|0x0000000703200000, 0x0000000703200000, 0x0000000703400000|  0%| F|  |TAMS 0x0000000703200000, 0x0000000703200000| Untracked 
|   9|0x0000000703400000, 0x0000000703400000, 0x0000000703600000|  0%| F|  |TAMS 0x0000000703400000, 0x0000000703400000| Untracked 
|  10|0x0000000703600000, 0x0000000703600000, 0x0000000703800000|  0%| F|  |TAMS 0x0000000703600000, 0x0000000703600000| Untracked 
|  11|0x0000000703800000, 0x0000000703800000, 0x0000000703a00000|  0%| F|  |TAMS 0x0000000703800000, 0x0000000703800000| Untracked 
|  12|0x0000000703a00000, 0x0000000703a00000, 0x0000000703c00000|  0%| F|  |TAMS 0x0000000703a00000, 0x0000000703a00000| Untracked 
|  13|0x0000000703c00000, 0x0000000703c00000, 0x0000000703e00000|  0%| F|  |TAMS 0x0000000703c00000, 0x0000000703c00000| Untracked 
|  14|0x0000000703e00000, 0x0000000703e00000, 0x0000000704000000|  0%| F|  |TAMS 0x0000000703e00000, 0x0000000703e00000| Untracked 
|  15|0x0000000704000000, 0x0000000704000000, 0x0000000704200000|  0%| F|  |TAMS 0x0000000704000000, 0x0000000704000000| Untracked 
|  16|0x0000000704200000, 0x0000000704200000, 0x0000000704400000|  0%| F|  |TAMS 0x0000000704200000, 0x0000000704200000| Untracked 
|  17|0x0000000704400000, 0x0000000704400000, 0x0000000704600000|  0%| F|  |TAMS 0x0000000704400000, 0x0000000704400000| Untracked 
|  18|0x0000000704600000, 0x0000000704600000, 0x0000000704800000|  0%| F|  |TAMS 0x0000000704600000, 0x0000000704600000| Untracked 
|  19|0x0000000704800000, 0x0000000704800000, 0x0000000704a00000|  0%| F|  |TAMS 0x0000000704800000, 0x0000000704800000| Untracked 
|  20|0x0000000704a00000, 0x0000000704a00000, 0x0000000704c00000|  0%| F|  |TAMS 0x0000000704a00000, 0x0000000704a00000| Untracked 
|  21|0x0000000704c00000, 0x0000000704c00000, 0x0000000704e00000|  0%| F|  |TAMS 0x0000000704c00000, 0x0000000704c00000| Untracked 
|  22|0x0000000704e00000, 0x0000000704e00000, 0x0000000705000000|  0%| F|  |TAMS 0x0000000704e00000, 0x0000000704e00000| Untracked 
|  23|0x0000000705000000, 0x0000000705000000, 0x0000000705200000|  0%| F|  |TAMS 0x0000000705000000, 0x0000000705000000| Untracked 
|  24|0x0000000705200000, 0x0000000705200000, 0x0000000705400000|  0%| F|  |TAMS 0x0000000705200000, 0x0000000705200000| Untracked 
|  25|0x0000000705400000, 0x0000000705400000, 0x0000000705600000|  0%| F|  |TAMS 0x0000000705400000, 0x0000000705400000| Untracked 
|  26|0x0000000705600000, 0x0000000705600000, 0x0000000705800000|  0%| F|  |TAMS 0x0000000705600000, 0x0000000705600000| Untracked 
|  27|0x0000000705800000, 0x0000000705800000, 0x0000000705a00000|  0%| F|  |TAMS 0x0000000705800000, 0x0000000705800000| Untracked 
|  28|0x0000000705a00000, 0x0000000705a00000, 0x0000000705c00000|  0%| F|  |TAMS 0x0000000705a00000, 0x0000000705a00000| Untracked 
|  29|0x0000000705c00000, 0x0000000705c00000, 0x0000000705e00000|  0%| F|  |TAMS 0x0000000705c00000, 0x0000000705c00000| Untracked 
|  30|0x0000000705e00000, 0x0000000705e00000, 0x0000000706000000|  0%| F|  |TAMS 0x0000000705e00000, 0x0000000705e00000| Untracked 
|  31|0x0000000706000000, 0x0000000706000000, 0x0000000706200000|  0%| F|  |TAMS 0x0000000706000000, 0x0000000706000000| Untracked 
|  32|0x0000000706200000, 0x0000000706200000, 0x0000000706400000|  0%| F|  |TAMS 0x0000000706200000, 0x0000000706200000| Untracked 
|  33|0x0000000706400000, 0x0000000706400000, 0x0000000706600000|  0%| F|  |TAMS 0x0000000706400000, 0x0000000706400000| Untracked 
|  34|0x0000000706600000, 0x0000000706600000, 0x0000000706800000|  0%| F|  |TAMS 0x0000000706600000, 0x0000000706600000| Untracked 
|  35|0x0000000706800000, 0x0000000706800000, 0x0000000706a00000|  0%| F|  |TAMS 0x0000000706800000, 0x0000000706800000| Untracked 
|  36|0x0000000706a00000, 0x0000000706a00000, 0x0000000706c00000|  0%| F|  |TAMS 0x0000000706a00000, 0x0000000706a00000| Untracked 
|  37|0x0000000706c00000, 0x0000000706c00000, 0x0000000706e00000|  0%| F|  |TAMS 0x0000000706c00000, 0x0000000706c00000| Untracked 
|  38|0x0000000706e00000, 0x0000000706e00000, 0x0000000707000000|  0%| F|  |TAMS 0x0000000706e00000, 0x0000000706e00000| Untracked 
|  39|0x0000000707000000, 0x0000000707000000, 0x0000000707200000|  0%| F|  |TAMS 0x0000000707000000, 0x0000000707000000| Untracked 
|  40|0x0000000707200000, 0x0000000707200000, 0x0000000707400000|  0%| F|  |TAMS 0x0000000707200000, 0x0000000707200000| Untracked 
|  41|0x0000000707400000, 0x0000000707400000, 0x0000000707600000|  0%| F|  |TAMS 0x0000000707400000, 0x0000000707400000| Untracked 
|  42|0x0000000707600000, 0x0000000707600000, 0x0000000707800000|  0%| F|  |TAMS 0x0000000707600000, 0x0000000707600000| Untracked 
|  43|0x0000000707800000, 0x0000000707800000, 0x0000000707a00000|  0%| F|  |TAMS 0x0000000707800000, 0x0000000707800000| Untracked 
|  44|0x0000000707a00000, 0x0000000707a00000, 0x0000000707c00000|  0%| F|  |TAMS 0x0000000707a00000, 0x0000000707a00000| Untracked 
|  45|0x0000000707c00000, 0x0000000707c77dc8, 0x0000000707e00000| 23%| S|CS|TAMS 0x0000000707c00000, 0x0000000707c00000| Complete 
|  46|0x0000000707e00000, 0x0000000708000000, 0x0000000708000000|100%| S|CS|TAMS 0x0000000707e00000, 0x0000000707e00000| Complete 
|  47|0x0000000708000000, 0x0000000708200000, 0x0000000708200000|100%| S|CS|TAMS 0x0000000708000000, 0x0000000708000000| Complete 
|  48|0x0000000708200000, 0x0000000708400000, 0x0000000708400000|100%| S|CS|TAMS 0x0000000708200000, 0x0000000708200000| Complete 
|  49|0x0000000708400000, 0x0000000708600000, 0x0000000708600000|100%| S|CS|TAMS 0x0000000708400000, 0x0000000708400000| Complete 
|  50|0x0000000708600000, 0x0000000708800000, 0x0000000708800000|100%| S|CS|TAMS 0x0000000708600000, 0x0000000708600000| Complete 
|  51|0x0000000708800000, 0x0000000708800000, 0x0000000708a00000|  0%| F|  |TAMS 0x0000000708800000, 0x0000000708800000| Untracked 
|  52|0x0000000708a00000, 0x0000000708a00000, 0x0000000708c00000|  0%| F|  |TAMS 0x0000000708a00000, 0x0000000708a00000| Untracked 
|  53|0x0000000708c00000, 0x0000000708c00000, 0x0000000708e00000|  0%| F|  |TAMS 0x0000000708c00000, 0x0000000708c00000| Untracked 
|  54|0x0000000708e00000, 0x0000000708e00000, 0x0000000709000000|  0%| F|  |TAMS 0x0000000708e00000, 0x0000000708e00000| Untracked 
|  55|0x0000000709000000, 0x0000000709000000, 0x0000000709200000|  0%| F|  |TAMS 0x0000000709000000, 0x0000000709000000| Untracked 
|  56|0x0000000709200000, 0x0000000709200000, 0x0000000709400000|  0%| F|  |TAMS 0x0000000709200000, 0x0000000709200000| Untracked 
|  57|0x0000000709400000, 0x0000000709400000, 0x0000000709600000|  0%| F|  |TAMS 0x0000000709400000, 0x0000000709400000| Untracked 
|  58|0x0000000709600000, 0x0000000709600000, 0x0000000709800000|  0%| F|  |TAMS 0x0000000709600000, 0x0000000709600000| Untracked 
|  59|0x0000000709800000, 0x0000000709800000, 0x0000000709a00000|  0%| F|  |TAMS 0x0000000709800000, 0x0000000709800000| Untracked 
|  60|0x0000000709a00000, 0x0000000709a00000, 0x0000000709c00000|  0%| F|  |TAMS 0x0000000709a00000, 0x0000000709a00000| Untracked 
|  61|0x0000000709c00000, 0x0000000709c00000, 0x0000000709e00000|  0%| F|  |TAMS 0x0000000709c00000, 0x0000000709c00000| Untracked 
|  62|0x0000000709e00000, 0x0000000709e00000, 0x000000070a000000|  0%| F|  |TAMS 0x0000000709e00000, 0x0000000709e00000| Untracked 
|  63|0x000000070a000000, 0x000000070a000000, 0x000000070a200000|  0%| F|  |TAMS 0x000000070a000000, 0x000000070a000000| Untracked 
|  64|0x000000070a200000, 0x000000070a200000, 0x000000070a400000|  0%| F|  |TAMS 0x000000070a200000, 0x000000070a200000| Untracked 
|  65|0x000000070a400000, 0x000000070a400000, 0x000000070a600000|  0%| F|  |TAMS 0x000000070a400000, 0x000000070a400000| Untracked 
|  66|0x000000070a600000, 0x000000070a600000, 0x000000070a800000|  0%| F|  |TAMS 0x000000070a600000, 0x000000070a600000| Untracked 
|  67|0x000000070a800000, 0x000000070a800000, 0x000000070aa00000|  0%| F|  |TAMS 0x000000070a800000, 0x000000070a800000| Untracked 
|  68|0x000000070aa00000, 0x000000070aa00000, 0x000000070ac00000|  0%| F|  |TAMS 0x000000070aa00000, 0x000000070aa00000| Untracked 
|  69|0x000000070ac00000, 0x000000070ac00000, 0x000000070ae00000|  0%| F|  |TAMS 0x000000070ac00000, 0x000000070ac00000| Untracked 
|  70|0x000000070ae00000, 0x000000070ae00000, 0x000000070b000000|  0%| F|  |TAMS 0x000000070ae00000, 0x000000070ae00000| Untracked 
|  71|0x000000070b000000, 0x000000070b000000, 0x000000070b200000|  0%| F|  |TAMS 0x000000070b000000, 0x000000070b000000| Untracked 
|  72|0x000000070b200000, 0x000000070b200000, 0x000000070b400000|  0%| F|  |TAMS 0x000000070b200000, 0x000000070b200000| Untracked 
|  73|0x000000070b400000, 0x000000070b400000, 0x000000070b600000|  0%| F|  |TAMS 0x000000070b400000, 0x000000070b400000| Untracked 
|  74|0x000000070b600000, 0x000000070b600000, 0x000000070b800000|  0%| F|  |TAMS 0x000000070b600000, 0x000000070b600000| Untracked 
|  75|0x000000070b800000, 0x000000070b800000, 0x000000070ba00000|  0%| F|  |TAMS 0x000000070b800000, 0x000000070b800000| Untracked 
|  76|0x000000070ba00000, 0x000000070ba00000, 0x000000070bc00000|  0%| F|  |TAMS 0x000000070ba00000, 0x000000070ba00000| Untracked 
|  77|0x000000070bc00000, 0x000000070bc00000, 0x000000070be00000|  0%| F|  |TAMS 0x000000070bc00000, 0x000000070bc00000| Untracked 
|  78|0x000000070be00000, 0x000000070be00000, 0x000000070c000000|  0%| F|  |TAMS 0x000000070be00000, 0x000000070be00000| Untracked 
|  79|0x000000070c000000, 0x000000070c000000, 0x000000070c200000|  0%| F|  |TAMS 0x000000070c000000, 0x000000070c000000| Untracked 
|  80|0x000000070c200000, 0x000000070c200000, 0x000000070c400000|  0%| F|  |TAMS 0x000000070c200000, 0x000000070c200000| Untracked 
|  81|0x000000070c400000, 0x000000070c400000, 0x000000070c600000|  0%| F|  |TAMS 0x000000070c400000, 0x000000070c400000| Untracked 
|  82|0x000000070c600000, 0x000000070c600000, 0x000000070c800000|  0%| F|  |TAMS 0x000000070c600000, 0x000000070c600000| Untracked 
|  83|0x000000070c800000, 0x000000070c800000, 0x000000070ca00000|  0%| F|  |TAMS 0x000000070c800000, 0x000000070c800000| Untracked 
|  84|0x000000070ca00000, 0x000000070ca00000, 0x000000070cc00000|  0%| F|  |TAMS 0x000000070ca00000, 0x000000070ca00000| Untracked 
|  85|0x000000070cc00000, 0x000000070cc00000, 0x000000070ce00000|  0%| F|  |TAMS 0x000000070cc00000, 0x000000070cc00000| Untracked 
|  86|0x000000070ce00000, 0x000000070ce00000, 0x000000070d000000|  0%| F|  |TAMS 0x000000070ce00000, 0x000000070ce00000| Untracked 
|  87|0x000000070d000000, 0x000000070d000000, 0x000000070d200000|  0%| F|  |TAMS 0x000000070d000000, 0x000000070d000000| Untracked 
|  88|0x000000070d200000, 0x000000070d200000, 0x000000070d400000|  0%| F|  |TAMS 0x000000070d200000, 0x000000070d200000| Untracked 
|  89|0x000000070d400000, 0x000000070d400000, 0x000000070d600000|  0%| F|  |TAMS 0x000000070d400000, 0x000000070d400000| Untracked 
|  90|0x000000070d600000, 0x000000070d600000, 0x000000070d800000|  0%| F|  |TAMS 0x000000070d600000, 0x000000070d600000| Untracked 
|  91|0x000000070d800000, 0x000000070d800000, 0x000000070da00000|  0%| F|  |TAMS 0x000000070d800000, 0x000000070d800000| Untracked 
|  92|0x000000070da00000, 0x000000070da00000, 0x000000070dc00000|  0%| F|  |TAMS 0x000000070da00000, 0x000000070da00000| Untracked 
|  93|0x000000070dc00000, 0x000000070dc00000, 0x000000070de00000|  0%| F|  |TAMS 0x000000070dc00000, 0x000000070dc00000| Untracked 
|  94|0x000000070de00000, 0x000000070de00000, 0x000000070e000000|  0%| F|  |TAMS 0x000000070de00000, 0x000000070de00000| Untracked 
|  95|0x000000070e000000, 0x000000070e000000, 0x000000070e200000|  0%| F|  |TAMS 0x000000070e000000, 0x000000070e000000| Untracked 
|  96|0x000000070e200000, 0x000000070e200000, 0x000000070e400000|  0%| F|  |TAMS 0x000000070e200000, 0x000000070e200000| Untracked 
|  97|0x000000070e400000, 0x000000070e400000, 0x000000070e600000|  0%| F|  |TAMS 0x000000070e400000, 0x000000070e400000| Untracked 
|  98|0x000000070e600000, 0x000000070e600000, 0x000000070e800000|  0%| F|  |TAMS 0x000000070e600000, 0x000000070e600000| Untracked 
|  99|0x000000070e800000, 0x000000070e800000, 0x000000070ea00000|  0%| F|  |TAMS 0x000000070e800000, 0x000000070e800000| Untracked 
| 100|0x000000070ea00000, 0x000000070ea00000, 0x000000070ec00000|  0%| F|  |TAMS 0x000000070ea00000, 0x000000070ea00000| Untracked 
| 101|0x000000070ec00000, 0x000000070ec00000, 0x000000070ee00000|  0%| F|  |TAMS 0x000000070ec00000, 0x000000070ec00000| Untracked 
| 102|0x000000070ee00000, 0x000000070ee00000, 0x000000070f000000|  0%| F|  |TAMS 0x000000070ee00000, 0x000000070ee00000| Untracked 
| 103|0x000000070f000000, 0x000000070f000000, 0x000000070f200000|  0%| F|  |TAMS 0x000000070f000000, 0x000000070f000000| Untracked 
| 104|0x000000070f200000, 0x000000070f200000, 0x000000070f400000|  0%| F|  |TAMS 0x000000070f200000, 0x000000070f200000| Untracked 
| 105|0x000000070f400000, 0x000000070f400000, 0x000000070f600000|  0%| F|  |TAMS 0x000000070f400000, 0x000000070f400000| Untracked 
| 106|0x000000070f600000, 0x000000070f600000, 0x000000070f800000|  0%| F|  |TAMS 0x000000070f600000, 0x000000070f600000| Untracked 
| 107|0x000000070f800000, 0x000000070f800000, 0x000000070fa00000|  0%| F|  |TAMS 0x000000070f800000, 0x000000070f800000| Untracked 
| 108|0x000000070fa00000, 0x000000070fa00000, 0x000000070fc00000|  0%| F|  |TAMS 0x000000070fa00000, 0x000000070fa00000| Untracked 
| 109|0x000000070fc00000, 0x000000070fc00000, 0x000000070fe00000|  0%| F|  |TAMS 0x000000070fc00000, 0x000000070fc00000| Untracked 
| 110|0x000000070fe00000, 0x000000070fe00000, 0x0000000710000000|  0%| F|  |TAMS 0x000000070fe00000, 0x000000070fe00000| Untracked 
| 111|0x0000000710000000, 0x0000000710000000, 0x0000000710200000|  0%| F|  |TAMS 0x0000000710000000, 0x0000000710000000| Untracked 
| 112|0x0000000710200000, 0x0000000710200000, 0x0000000710400000|  0%| F|  |TAMS 0x0000000710200000, 0x0000000710200000| Untracked 
| 113|0x0000000710400000, 0x0000000710400000, 0x0000000710600000|  0%| F|  |TAMS 0x0000000710400000, 0x0000000710400000| Untracked 
| 114|0x0000000710600000, 0x0000000710600000, 0x0000000710800000|  0%| F|  |TAMS 0x0000000710600000, 0x0000000710600000| Untracked 
| 115|0x0000000710800000, 0x0000000710800000, 0x0000000710a00000|  0%| F|  |TAMS 0x0000000710800000, 0x0000000710800000| Untracked 
| 116|0x0000000710a00000, 0x0000000710a00000, 0x0000000710c00000|  0%| F|  |TAMS 0x0000000710a00000, 0x0000000710a00000| Untracked 
| 117|0x0000000710c00000, 0x0000000710c00000, 0x0000000710e00000|  0%| F|  |TAMS 0x0000000710c00000, 0x0000000710c00000| Untracked 
| 118|0x0000000710e00000, 0x0000000710e00000, 0x0000000711000000|  0%| F|  |TAMS 0x0000000710e00000, 0x0000000710e00000| Untracked 
| 119|0x0000000711000000, 0x0000000711000000, 0x0000000711200000|  0%| F|  |TAMS 0x0000000711000000, 0x0000000711000000| Untracked 
| 120|0x0000000711200000, 0x0000000711200000, 0x0000000711400000|  0%| F|  |TAMS 0x0000000711200000, 0x0000000711200000| Untracked 
| 121|0x0000000711400000, 0x0000000711400000, 0x0000000711600000|  0%| F|  |TAMS 0x0000000711400000, 0x0000000711400000| Untracked 
| 122|0x0000000711600000, 0x0000000711600000, 0x0000000711800000|  0%| F|  |TAMS 0x0000000711600000, 0x0000000711600000| Untracked 
| 123|0x0000000711800000, 0x0000000711a00000, 0x0000000711a00000|100%| E|  |TAMS 0x0000000711800000, 0x0000000711800000| Complete 
| 124|0x0000000711a00000, 0x0000000711c00000, 0x0000000711c00000|100%| E|CS|TAMS 0x0000000711a00000, 0x0000000711a00000| Complete 
| 125|0x0000000711c00000, 0x0000000711e00000, 0x0000000711e00000|100%| E|CS|TAMS 0x0000000711c00000, 0x0000000711c00000| Complete 
| 126|0x0000000711e00000, 0x0000000712000000, 0x0000000712000000|100%| E|CS|TAMS 0x0000000711e00000, 0x0000000711e00000| Complete 

Card table byte_map: [0x0000028040230000,0x0000028040a20000] _byte_map_base: 0x000002803ca1f000

Marking Bits (Prev, Next): (CMBitMap*) 0x0000028028c9fe80, (CMBitMap*) 0x0000028028c9fec0
 Prev Bits: [0x0000028041210000, 0x0000028045188000)
 Next Bits: [0x0000028045190000, 0x0000028049108000)

Polling page: 0x0000028028400000

Metaspace:

Usage:
  Non-class:     14.45 MB used.
      Class:      1.82 MB used.
       Both:     16.27 MB used.

Virtual space:
  Non-class space:       64.00 MB reserved,      14.56 MB ( 23%) committed,  1 nodes.
      Class space:        1.00 GB reserved,       1.94 MB ( <1%) committed,  1 nodes.
             Both:        1.06 GB reserved,      16.50 MB (  2%) committed. 

Chunk freelists:
   Non-Class:  576.00 KB
       Class:  13.89 MB
        Both:  14.45 MB

MaxMetaspaceSize: unlimited
CompressedClassSpaceSize: 1.00 GB
Initial GC threshold: 21.00 MB
Current GC threshold: 21.00 MB
CDS: on
MetaspaceReclaimPolicy: balanced
 - commit_granule_bytes: 65536.
 - commit_granule_words: 8192.
 - virtual_space_node_default_size: 8388608.
 - enlarge_chunks_in_place: 1.
 - new_chunks_are_fully_committed: 0.
 - uncommit_free_chunks: 1.
 - use_allocation_guard: 0.
 - handle_deallocations: 1.


Internal statistics:

num_allocs_failed_limit: 0.
num_arena_births: 82.
num_arena_deaths: 0.
num_vsnodes_births: 2.
num_vsnodes_deaths: 0.
num_space_committed: 264.
num_space_uncommitted: 0.
num_chunks_returned_to_freelist: 0.
num_chunks_taken_from_freelist: 677.
num_chunk_merges: 0.
num_chunk_splits: 502.
num_chunks_enlarged: 398.
num_inconsistent_stats: 0.

CodeHeap 'non-profiled nmethods': size=120000Kb used=2455Kb max_used=2455Kb free=117544Kb
 bounds [0x0000028037fc0000, 0x0000028038230000, 0x000002803f4f0000]
CodeHeap 'profiled nmethods': size=120000Kb used=9447Kb max_used=9447Kb free=110552Kb
 bounds [0x00000280304f0000, 0x0000028030e30000, 0x0000028037a20000]
CodeHeap 'non-nmethods': size=5760Kb used=1190Kb max_used=1242Kb free=4569Kb
 bounds [0x0000028037a20000, 0x0000028037c90000, 0x0000028037fc0000]
 total_blobs=4717 nmethods=4252 adapters=376
 compilation: enabled
              stopped_count=0, restarted_count=0
 full_count=0

Compilation events (20 events):
Event: 2.727 Thread 0x000002809101e650 nmethod 4154 0x0000028030ddbd10 code [0x0000028030ddbf00, 0x0000028030ddc2f8]
Event: 2.727 Thread 0x000002809101e650 4155       3       java.util.jar.JarFile::baseVersion (4 bytes)
Event: 2.727 Thread 0x000002809101e650 nmethod 4155 0x0000028030ddc490 code [0x0000028030ddc620, 0x0000028030ddc718]
Event: 2.729 Thread 0x000002809101e650 4156       3       org.eclipse.sisu.space.Streams::open (26 bytes)
Event: 2.729 Thread 0x000002809101e650 nmethod 4156 0x0000028030ddc790 code [0x0000028030ddc960, 0x0000028030ddcd28]
Event: 2.729 Thread 0x000002809101e650 4157       3       sun.net.www.protocol.jar.JarURLConnection::setUseCaches (9 bytes)
Event: 2.729 Thread 0x000002809101e650 nmethod 4157 0x0000028030ddce90 code [0x0000028030ddd040, 0x0000028030ddd228]
Event: 2.729 Thread 0x000002809101e650 4158       3       sun.net.www.protocol.jar.URLJarFile::close (22 bytes)
Event: 2.729 Thread 0x000002809101e650 nmethod 4158 0x0000028030ddd310 code [0x0000028030ddd4c0, 0x0000028030ddd6d8]
Event: 2.732 Thread 0x000002809101e650 4160       3       com.google.inject.spi.InjectionPoint$InjectableMembers::<init> (5 bytes)
Event: 2.732 Thread 0x000002809101dba0 4159   !   4       com.google.inject.spi.InjectionPoint::getInjectionPoints (489 bytes)
Event: 2.732 Thread 0x000002809101e650 nmethod 4160 0x0000028030ddd810 code [0x0000028030ddd9a0, 0x0000028030dddaf8]
Event: 2.732 Thread 0x000002809101e650 4161       3       com.google.inject.spi.InjectionPoint$InjectableMembers::isEmpty (13 bytes)
Event: 2.732 Thread 0x000002809101e650 nmethod 4161 0x0000028030dddb90 code [0x0000028030dddd20, 0x0000028030ddde98]
Event: 2.735 Thread 0x0000028091922910 nmethod 4149 0x000002803820f790 code [0x000002803820fa40, 0x00000280382105d0]
Event: 2.735 Thread 0x0000028091922910 4162       4       java.lang.String::replace (42 bytes)
Event: 2.735 Thread 0x000002809101e650 4163       3       com.google.inject.spi.InjectionPoint::getDeclaredMethods (17 bytes)
Event: 2.735 Thread 0x000002809101e650 nmethod 4163 0x0000028030dddf10 code [0x0000028030dde0c0, 0x0000028030dde258]
Event: 2.735 Thread 0x000002809101e650 4164       3       com.google.inject.spi.InjectionPoint::getDeclaredFields (17 bytes)
Event: 2.735 Thread 0x000002809101e650 nmethod 4164 0x0000028030dde390 code [0x0000028030dde540, 0x0000028030dde6d8]

GC Heap History (4 events):
Event: 0.423 GC heap before
{Heap before GC invocations=0 (full 0):
 garbage-first heap   total 260096K, used 22528K [0x0000000702200000, 0x0000000800000000)
  region size 2048K, 11 young (22528K), 0 survivors (0K)
 Metaspace       used 4722K, committed 4864K, reserved 1114112K
  class space    used 554K, committed 640K, reserved 1048576K
}
Event: 0.430 GC heap after
{Heap after GC invocations=1 (full 0):
 garbage-first heap   total 260096K, used 3770K [0x0000000702200000, 0x0000000800000000)
  region size 2048K, 2 young (4096K), 2 survivors (4096K)
 Metaspace       used 4722K, committed 4864K, reserved 1114112K
  class space    used 554K, committed 640K, reserved 1048576K
}
Event: 0.841 GC heap before
{Heap before GC invocations=1 (full 0):
 garbage-first heap   total 260096K, used 32442K [0x0000000702200000, 0x0000000800000000)
  region size 2048K, 16 young (32768K), 2 survivors (4096K)
 Metaspace       used 9431K, committed 9600K, reserved 1114112K
  class space    used 1160K, committed 1216K, reserved 1048576K
}
Event: 0.850 GC heap after
{Heap after GC invocations=2 (full 0):
 garbage-first heap   total 260096K, used 5388K [0x0000000702200000, 0x0000000800000000)
  region size 2048K, 1 young (2048K), 1 survivors (2048K)
 Metaspace       used 9431K, committed 9600K, reserved 1114112K
  class space    used 1160K, committed 1216K, reserved 1048576K
}

Deoptimization events (20 events):
Event: 2.382 Thread 0x0000028026b1afe0 DEOPT PACKING pc=0x000002803817e118 sp=0x000000b4aa7fdf80
Event: 2.382 Thread 0x0000028026b1afe0 DEOPT UNPACKING pc=0x0000028037a75ba3 sp=0x000000b4aa7fdf50 mode 2
Event: 2.388 Thread 0x0000028026b1afe0 Uncommon trap: trap_request=0xffffffde fr.pc=0x000002803817e118 relative=0x00000000000002d8
Event: 2.388 Thread 0x0000028026b1afe0 Uncommon trap: reason=class_check action=maybe_recompile pc=0x000002803817e118 method=org.eclipse.sisu.wire.EntryListAdapter$ValueIterator.next()Ljava/lang/Object; @ 4 c2
Event: 2.388 Thread 0x0000028026b1afe0 DEOPT PACKING pc=0x000002803817e118 sp=0x000000b4aa7fdf80
Event: 2.388 Thread 0x0000028026b1afe0 DEOPT UNPACKING pc=0x0000028037a75ba3 sp=0x000000b4aa7fdf50 mode 2
Event: 2.444 Thread 0x0000028026b1afe0 DEOPT PACKING pc=0x000002803068d98b sp=0x000000b4aa7fc7b0
Event: 2.444 Thread 0x0000028026b1afe0 DEOPT UNPACKING pc=0x0000028037a766e3 sp=0x000000b4aa7fbcd0 mode 0
Event: 2.466 Thread 0x0000028026b1afe0 Uncommon trap: trap_request=0xffffffde fr.pc=0x000002803817e118 relative=0x00000000000002d8
Event: 2.466 Thread 0x0000028026b1afe0 Uncommon trap: reason=class_check action=maybe_recompile pc=0x000002803817e118 method=org.eclipse.sisu.wire.EntryListAdapter$ValueIterator.next()Ljava/lang/Object; @ 4 c2
Event: 2.466 Thread 0x0000028026b1afe0 DEOPT PACKING pc=0x000002803817e118 sp=0x000000b4aa7fdf80
Event: 2.466 Thread 0x0000028026b1afe0 DEOPT UNPACKING pc=0x0000028037a75ba3 sp=0x000000b4aa7fdf50 mode 2
Event: 2.486 Thread 0x0000028026b1afe0 Uncommon trap: trap_request=0xffffffde fr.pc=0x000002803817e118 relative=0x00000000000002d8
Event: 2.486 Thread 0x0000028026b1afe0 Uncommon trap: reason=class_check action=maybe_recompile pc=0x000002803817e118 method=org.eclipse.sisu.wire.EntryListAdapter$ValueIterator.next()Ljava/lang/Object; @ 4 c2
Event: 2.486 Thread 0x0000028026b1afe0 DEOPT PACKING pc=0x000002803817e118 sp=0x000000b4aa7fdf80
Event: 2.486 Thread 0x0000028026b1afe0 DEOPT UNPACKING pc=0x0000028037a75ba3 sp=0x000000b4aa7fdf50 mode 2
Event: 2.721 Thread 0x0000028026b1afe0 Uncommon trap: trap_request=0xffffff6e fr.pc=0x00000280381f23c4 relative=0x0000000000006304
Event: 2.721 Thread 0x0000028026b1afe0 Uncommon trap: reason=loop_limit_check action=maybe_recompile pc=0x00000280381f23c4 method=com.google.inject.spi.InjectionPoint.getInjectionPoints(Lcom/google/inject/TypeLiteral;ZLcom/google/inject/internal/Errors;)Ljava/util/Set; @ 34 c2
Event: 2.721 Thread 0x0000028026b1afe0 DEOPT PACKING pc=0x00000280381f23c4 sp=0x000000b4aa7fd460
Event: 2.721 Thread 0x0000028026b1afe0 DEOPT UNPACKING pc=0x0000028037a75ba3 sp=0x000000b4aa7fd440 mode 2

Classes unloaded (0 events):
No events

Classes redefined (0 events):
No events

Internal exceptions (20 events):
Event: 0.096 Thread 0x0000028026b1afe0 Exception <a 'java/lang/NullPointerException'{0x0000000711dcda88}> (0x0000000711dcda88) 
thrown [s\open\src\hotspot\share\interpreter\linkResolver.cpp, line 1350]
Event: 0.106 Thread 0x0000028026b1afe0 Exception <a 'java/lang/NullPointerException'{0x0000000711a0e480}> (0x0000000711a0e480) 
thrown [s\open\src\hotspot\share\interpreter\linkResolver.cpp, line 1350]
Event: 0.106 Thread 0x0000028026b1afe0 Exception <a 'java/lang/NullPointerException'{0x0000000711a0e758}> (0x0000000711a0e758) 
thrown [s\open\src\hotspot\share\interpreter\linkResolver.cpp, line 1350]
Event: 0.106 Thread 0x0000028026b1afe0 Exception <a 'java/lang/NullPointerException'{0x0000000711a0ea30}> (0x0000000711a0ea30) 
thrown [s\open\src\hotspot\share\interpreter\linkResolver.cpp, line 1350]
Event: 0.106 Thread 0x0000028026b1afe0 Exception <a 'java/lang/NullPointerException'{0x0000000711a141f8}> (0x0000000711a141f8) 
thrown [s\open\src\hotspot\share\interpreter\linkResolver.cpp, line 1350]
Event: 0.108 Thread 0x0000028026b1afe0 Exception <a 'java/lang/NullPointerException'{0x0000000711a29408}> (0x0000000711a29408) 
thrown [s\open\src\hotspot\share\interpreter\linkResolver.cpp, line 1350]
Event: 0.108 Thread 0x0000028026b1afe0 Exception <a 'java/lang/NullPointerException'{0x0000000711a296e0}> (0x0000000711a296e0) 
thrown [s\open\src\hotspot\share\interpreter\linkResolver.cpp, line 1350]
Event: 0.108 Thread 0x0000028026b1afe0 Exception <a 'java/lang/NullPointerException'{0x0000000711a299b8}> (0x0000000711a299b8) 
thrown [s\open\src\hotspot\share\interpreter\linkResolver.cpp, line 1350]
Event: 0.108 Thread 0x0000028026b1afe0 Exception <a 'java/lang/NullPointerException'{0x0000000711a29c90}> (0x0000000711a29c90) 
thrown [s\open\src\hotspot\share\interpreter\linkResolver.cpp, line 1350]
Event: 0.330 Thread 0x0000028026b1afe0 Exception <a 'java/lang/NoSuchMethodError'{0x000000071102d8f0}: 'java.lang.Object java.lang.invoke.DirectMethodHandle$Holder.newInvokeSpecial(java.lang.Object, java.lang.Object, java.lang.Object, java.lang.Object, java.lang.Object)'> (0x000000071102d8f0) 
thrown [s\open\src\hotspot\share\interpreter\linkResolver.cpp, line 759]
Event: 0.359 Thread 0x0000028026b1afe0 Exception <a 'java/lang/NoClassDefFoundError'{0x000000071118fd50}: javax/enterprise/inject/Typed> (0x000000071118fd50) 
thrown [s\open\src\hotspot\share\classfile\systemDictionary.cpp, line 245]
Event: 0.868 Thread 0x0000028026b1afe0 Exception <a 'java/lang/NoClassDefFoundError'{0x0000000711ef68f0}: com/google/inject/servlet/ServletModuleTargetVisitor> (0x0000000711ef68f0) 
thrown [s\open\src\hotspot\share\classfile\systemDictionary.cpp, line 245]
Event: 0.916 Thread 0x0000028026b1afe0 Exception <a 'java/lang/NoSuchMethodError'{0x0000000711a3b2f0}: 'java.lang.Object java.lang.invoke.DirectMethodHandle$Holder.invokeStaticInit(java.lang.Object, int, int, int, int)'> (0x0000000711a3b2f0) 
thrown [s\open\src\hotspot\share\interpreter\linkResolver.cpp, line 759]
Event: 1.175 Thread 0x0000028026b1afe0 Implicit null exception at 0x0000028038043f58 to 0x0000028038043fee
Event: 1.178 Thread 0x0000028026b1afe0 Implicit null exception at 0x0000028038055e6d to 0x0000028038056038
Event: 1.186 Thread 0x0000028026b1afe0 Implicit null exception at 0x0000028038023e0f to 0x0000028038023e89
Event: 1.187 Thread 0x0000028026b1afe0 Implicit null exception at 0x0000028038033d6d to 0x0000028038033f48
Event: 1.684 Thread 0x0000028026b1afe0 Implicit null exception at 0x00000280380ef430 to 0x00000280380ef8d0
Event: 2.300 Thread 0x0000028026b1afe0 Exception <a 'java/lang/NoClassDefFoundError'{0x000000070aea84c8}: org/sonatype/aether/version/VersionConstraint> (0x000000070aea84c8) 
thrown [s\open\src\hotspot\share\classfile\systemDictionary.cpp, line 245]
Event: 2.343 Thread 0x0000028026b1afe0 Exception <a 'java/lang/NoClassDefFoundError'{0x000000070add67e8}: org/codehaus/plexus/util/interpolation/ValueSource> (0x000000070add67e8) 
thrown [s\open\src\hotspot\share\classfile\systemDictionary.cpp, line 245]

VM Operations (20 events):
Event: 1.047 Executing VM operation: HandshakeAllThreads
Event: 1.047 Executing VM operation: HandshakeAllThreads done
Event: 1.590 Executing VM operation: ICBufferFull
Event: 1.590 Executing VM operation: ICBufferFull done
Event: 1.827 Executing VM operation: ICBufferFull
Event: 1.828 Executing VM operation: ICBufferFull done
Event: 1.919 Executing VM operation: HandshakeAllThreads
Event: 1.919 Executing VM operation: HandshakeAllThreads done
Event: 1.919 Executing VM operation: HandshakeAllThreads
Event: 1.919 Executing VM operation: HandshakeAllThreads done
Event: 1.999 Executing VM operation: ICBufferFull
Event: 2.000 Executing VM operation: ICBufferFull done
Event: 2.314 Executing VM operation: HandshakeAllThreads
Event: 2.314 Executing VM operation: HandshakeAllThreads done
Event: 2.362 Executing VM operation: ICBufferFull
Event: 2.362 Executing VM operation: ICBufferFull done
Event: 2.374 Executing VM operation: HandshakeAllThreads
Event: 2.375 Executing VM operation: HandshakeAllThreads done
Event: 2.641 Executing VM operation: ICBufferFull
Event: 2.641 Executing VM operation: ICBufferFull done

Events (20 events):
Event: 2.303 loading class javax/swing/text/MutableAttributeSet
Event: 2.303 loading class javax/swing/text/AttributeSet
Event: 2.304 loading class javax/swing/text/AttributeSet done
Event: 2.304 loading class javax/swing/text/MutableAttributeSet done
Event: 2.316 loading class java/io/PrintWriter
Event: 2.316 loading class java/io/PrintWriter done
Event: 2.322 loading class java/util/zip/GZIPInputStream
Event: 2.322 loading class java/util/zip/GZIPInputStream done
Event: 2.333 loading class java/util/MissingResourceException
Event: 2.333 loading class java/util/MissingResourceException done
Event: 2.338 loading class java/util/zip/ZipException
Event: 2.338 loading class java/util/zip/ZipException done
Event: 2.372 loading class java/net/URISyntaxException
Event: 2.372 loading class java/net/URISyntaxException done
Event: 2.378 loading class jdk/internal/reflect/UnsafeBooleanFieldAccessorImpl
Event: 2.378 loading class jdk/internal/reflect/UnsafeBooleanFieldAccessorImpl done
Event: 2.647 loading class jdk/internal/reflect/UnsafeIntegerFieldAccessorImpl
Event: 2.647 loading class jdk/internal/reflect/UnsafeIntegerFieldAccessorImpl done
Event: 2.668 loading class java/io/FileOutputStream$1
Event: 2.668 loading class java/io/FileOutputStream$1 done


Dynamic libraries:
0x00007ff774010000 - 0x00007ff774020000 	C:\Program Files\Java\jdk-17.0.11\bin\java.exe
0x00007ffa22a30000 - 0x00007ffa22c47000 	C:\Windows\SYSTEM32\ntdll.dll
0x00007ffa219d0000 - 0x00007ffa21a94000 	C:\Windows\System32\KERNEL32.DLL
0x00007ffa1fd50000 - 0x00007ffa200fd000 	C:\Windows\System32\KERNELBASE.dll
0x00007ffa20100000 - 0x00007ffa20211000 	C:\Windows\System32\ucrtbase.dll
0x00007ffa11b20000 - 0x00007ffa11b3b000 	C:\Program Files\Java\jdk-17.0.11\bin\VCRUNTIME140.dll
0x00007ffa096f0000 - 0x00007ffa09709000 	C:\Program Files\Java\jdk-17.0.11\bin\jli.dll
0x00007ffa21040000 - 0x00007ffa210f2000 	C:\Windows\System32\ADVAPI32.dll
0x00007ffa20eb0000 - 0x00007ffa20f57000 	C:\Windows\System32\msvcrt.dll
0x00007ffa21920000 - 0x00007ffa219c9000 	C:\Windows\System32\sechost.dll
0x00007ffa202c0000 - 0x00007ffa202e8000 	C:\Windows\System32\bcrypt.dll
0x00007ffa212e0000 - 0x00007ffa213f4000 	C:\Windows\System32\RPCRT4.dll
0x00007ffa215c0000 - 0x00007ffa2176e000 	C:\Windows\System32\USER32.dll
0x00007ffa20670000 - 0x00007ffa20696000 	C:\Windows\System32\win32u.dll
0x00007ffa123b0000 - 0x00007ffa12643000 	C:\Windows\WinSxS\amd64_microsoft.windows.common-controls_6595b64144ccf1df_6.0.22621.3672_none_2713b9d173822955\COMCTL32.dll
0x00007ffa20760000 - 0x00007ffa20789000 	C:\Windows\System32\GDI32.dll
0x00007ffa20370000 - 0x00007ffa20489000 	C:\Windows\System32\gdi32full.dll
0x00007ffa20220000 - 0x00007ffa202ba000 	C:\Windows\System32\msvcp_win.dll
0x00007ffa1a450000 - 0x00007ffa1a45a000 	C:\Windows\SYSTEM32\VERSION.dll
0x00007ffa207b0000 - 0x00007ffa207e1000 	C:\Windows\System32\IMM32.DLL
0x00007ffa10230000 - 0x00007ffa1023c000 	C:\Program Files\Java\jdk-17.0.11\bin\vcruntime140_1.dll
0x00007ff9f5530000 - 0x00007ff9f55be000 	C:\Program Files\Java\jdk-17.0.11\bin\msvcp140.dll
0x00007ff9c72e0000 - 0x00007ff9c7ec0000 	C:\Program Files\Java\jdk-17.0.11\bin\server\jvm.dll
0x00007ffa226a0000 - 0x00007ffa226a8000 	C:\Windows\System32\PSAPI.DLL
0x00007ffa06310000 - 0x00007ffa06319000 	C:\Windows\SYSTEM32\WSOCK32.dll
0x00007ffa18810000 - 0x00007ffa18844000 	C:\Windows\SYSTEM32\WINMM.dll
0x00007ffa20fc0000 - 0x00007ffa21031000 	C:\Windows\System32\WS2_32.dll
0x00007ffa1ee50000 - 0x00007ffa1ee68000 	C:\Windows\SYSTEM32\kernel.appcore.dll
0x00007ffa098c0000 - 0x00007ffa098ca000 	C:\Program Files\Java\jdk-17.0.11\bin\jimage.dll
0x00007ffa0e280000 - 0x00007ffa0e4b2000 	C:\Windows\SYSTEM32\DBGHELP.DLL
0x00007ffa21aa0000 - 0x00007ffa21e2e000 	C:\Windows\System32\combase.dll
0x00007ffa208f0000 - 0x00007ffa209c7000 	C:\Windows\System32\OLEAUT32.dll
0x00007ffa05220000 - 0x00007ffa05252000 	C:\Windows\SYSTEM32\dbgcore.DLL
0x00007ffa202f0000 - 0x00007ffa2036b000 	C:\Windows\System32\bcryptPrimitives.dll
0x00007ffa05060000 - 0x00007ffa05085000 	C:\Program Files\Java\jdk-17.0.11\bin\java.dll
0x00007ff9eb6d0000 - 0x00007ff9eb7a7000 	C:\Program Files\Java\jdk-17.0.11\bin\jsvml.dll
0x00007ffa21e30000 - 0x00007ffa22697000 	C:\Windows\System32\SHELL32.dll
0x00007ffa1dc90000 - 0x00007ffa1e58f000 	C:\Windows\SYSTEM32\windows.storage.dll
0x00007ffa1db50000 - 0x00007ffa1dc8f000 	C:\Windows\SYSTEM32\wintypes.dll
0x00007ffa227f0000 - 0x00007ffa228e9000 	C:\Windows\System32\SHCORE.dll
0x00007ffa21560000 - 0x00007ffa215be000 	C:\Windows\System32\shlwapi.dll
0x00007ffa1fc80000 - 0x00007ffa1fca7000 	C:\Windows\SYSTEM32\profapi.dll
0x00007ffa097b0000 - 0x00007ffa097c9000 	C:\Program Files\Java\jdk-17.0.11\bin\net.dll
0x00007ffa19ca0000 - 0x00007ffa19dd6000 	C:\Windows\SYSTEM32\WINHTTP.dll
0x00007ffa1f2b0000 - 0x00007ffa1f319000 	C:\Windows\system32\mswsock.dll
0x00007ffa095d0000 - 0x00007ffa095e6000 	C:\Program Files\Java\jdk-17.0.11\bin\nio.dll
0x00007ffa09420000 - 0x00007ffa09438000 	C:\Program Files\Java\jdk-17.0.11\bin\zip.dll
0x0000000069ac0000 - 0x0000000069ae4000 	D:\PROYECTO PRUEBAS\apache-maven-3.8.8\lib\jansi-native\Windows\x86_64\jansi.dll
0x00007ffa098b0000 - 0x00007ffa098c0000 	C:\Program Files\Java\jdk-17.0.11\bin\verify.dll

dbghelp: loaded successfully - version: 4.0.5 - missing functions: none
symbol engine: initialized successfully - sym options: 0x614 - pdb path: .;C:\Program Files\Java\jdk-17.0.11\bin;C:\Windows\SYSTEM32;C:\Windows\WinSxS\amd64_microsoft.windows.common-controls_6595b64144ccf1df_6.0.22621.3672_none_2713b9d173822955;C:\Program Files\Java\jdk-17.0.11\bin\server;D:\PROYECTO PRUEBAS\apache-maven-3.8.8\lib\jansi-native\Windows\x86_64

VM Arguments:
jvm_args: -Dclassworlds.conf=D:\PROYECTO PRUEBAS\apache-maven-3.8.8\bin\m2.conf -Dmaven.home=D:\PROYECTO PRUEBAS\apache-maven-3.8.8 -Dlibrary.jansi.path=D:\PROYECTO PRUEBAS\apache-maven-3.8.8\lib\jansi-native -Dmaven.multiModuleProjectDirectory=C:\Users\caste\Documents\NetBeansProjects\WSInsertar 
java_command: org.codehaus.plexus.classworlds.launcher.Launcher -Dnetbeans.deploy=true -Dexec.vmArgs= -Dexec.appArgs= -Dmaven.ext.class.path=D:\PROYECTO PRUEBAS\NetBeans-19\netbeans\java\maven-nblib\netbeans-eventspy.jar -Dfile.encoding=UTF-8 --no-transfer-progress package
java_class_path (initial): D:\PROYECTO PRUEBAS\apache-maven-3.8.8\boot\plexus-classworlds-2.6.0.jar
Launcher Type: SUN_STANDARD

[Global flags]
     intx CICompilerCount                          = 4                                         {product} {ergonomic}
     uint ConcGCThreads                            = 3                                         {product} {ergonomic}
     uint G1ConcRefinementThreads                  = 10                                        {product} {ergonomic}
   size_t G1HeapRegionSize                         = 2097152                                   {product} {ergonomic}
    uintx GCDrainStackTargetSize                   = 64                                        {product} {ergonomic}
   size_t InitialHeapSize                          = 266338304                                 {product} {ergonomic}
   size_t MarkStackSize                            = 4194304                                   {product} {ergonomic}
   size_t MaxHeapSize                              = 4259315712                                {product} {ergonomic}
   size_t MaxNewSize                               = 2554331136                                {product} {ergonomic}
   size_t MinHeapDeltaBytes                        = 2097152                                   {product} {ergonomic}
   size_t MinHeapSize                              = 8388608                                   {product} {ergonomic}
    uintx NonNMethodCodeHeapSize                   = 5839372                                {pd product} {ergonomic}
    uintx NonProfiledCodeHeapSize                  = 122909434                              {pd product} {ergonomic}
    uintx ProfiledCodeHeapSize                     = 122909434                              {pd product} {ergonomic}
    uintx ReservedCodeCacheSize                    = 251658240                              {pd product} {ergonomic}
     bool SegmentedCodeCache                       = true                                      {product} {ergonomic}
   size_t SoftMaxHeapSize                          = 4259315712                             {manageable} {ergonomic}
     bool UseCompressedClassPointers               = true                           {product lp64_product} {ergonomic}
     bool UseCompressedOops                        = true                           {product lp64_product} {ergonomic}
     bool UseG1GC                                  = true                                      {product} {ergonomic}
     bool UseLargePagesIndividualAllocation        = false                                  {pd product} {ergonomic}

Logging:
Log output configuration:
 #0: stdout all=warning uptime,level,tags
 #1: stderr all=off uptime,level,tags

Environment Variables:
JAVA_HOME=C:\Program Files\Java\jdk-17.0.11
PATH=C:\Program Files\Oracle Client for Microsoft Tools\;D:\app\Juan\product\12.2.0\client_1;D:\app\Juan\product\12.2.0\client_1\bin;D:\OracleXE\dbhomeXE\bin;C:\Program Files\Common Files\Oracle\Java\javapath;C:\Program Files (x86)\Common Files\Oracle\Java\java8path;C:\Program Files (x86)\Common Files\Oracle\Java\javapath;C:\Windows\system32;C:\Windows;C:\Windows\System32\Wbem;C:\Windows\System32\WindowsPowerShell\v1.0\;C:\Windows\System32\OpenSSH\;C:\Program Files (x86)\NVIDIA Corporation\PhysX\Common;C:\Program Files\Java\jdk-19\bin;C:\Program Files\dotnet\;D:\PROYECTO PRUEBAS\apache-maven-3.8.8\bin;C:\Program Files\Git\cmd;C:\Program Files (x86)\ZeroTier\One\;C:\Users\caste\AppData\Local\Microsoft\WindowsApps;D:\JetBrains\IntelliJ IDEA 2024.2.1\bin;;D:\Program\Microsoft VS Code\bin;C:\Program Files\nodejs\;
USERNAME=caste
OS=Windows_NT
PROCESSOR_IDENTIFIER=Intel64 Family 6 Model 167 Stepping 1, GenuineIntel



---------------  S Y S T E M  ---------------

OS:
 Windows 11 , 64 bit Build 22621 (10.0.22621.3958)
OS uptime: 0 days 11:58 hours
Hyper-V role detected

CPU: total 12 (initial active 12) (6 cores per cpu, 2 threads per core) family 6 model 167 stepping 1 microcode 0x54, cx8, cmov, fxsr, ht, mmx, 3dnowpref, sse, sse2, sse3, ssse3, sse4.1, sse4.2, popcnt, lzcnt, tsc, tscinvbit, avx, avx2, aes, erms, clmul, bmi1, bmi2, adx, avx512f, avx512dq, avx512cd, avx512bw, avx512vl, sha, fma, vzeroupper, avx512_vpopcntdq, avx512_vpclmulqdq, avx512_vaes, avx512_vnni, clflush, clflushopt, avx512_vbmi2, avx512_vbmi, hv

Memory: 4k page, system-wide physical 16247M (7847M free)
TotalPageFile size 32631M (AvailPageFile size 21279M)
current process WorkingSet (physical memory assigned to process): 281M, peak: 281M
current process commit charge ("private bytes"): 422M, peak: 429M

vm_info: Java HotSpot(TM) 64-Bit Server VM (17.0.11+7-LTS-207) for windows-amd64 JRE (17.0.11+7-LTS-207), built on Mar 11 2024 19:01:50 by "mach5one" with MS VC++ 17.6 (VS2022)

END.
